ReconnaissanceVocale/build/outputs/logs/manifest-merger-debug-report.txt
-- Merging decision tree log ---
manifest
ADDED from Projet-Android\ReconnaissanceVocale\AndroidManifest.xml:1:1-49:12
	package
		ADDED from Projet-Android\ReconnaissanceVocale\AndroidManifest.xml:2:5-44
	android:versionName
		ADDED from Projet-Android\ReconnaissanceVocale\AndroidManifest.xml:4:5-30
		INJECTED from Projet-Android\ReconnaissanceVocale\AndroidManifest.xml
		INJECTED from Projet-Android\ReconnaissanceVocale\AndroidManifest.xml
	android:versionCode
		ADDED from Projet-Android\ReconnaissanceVocale\AndroidManifest.xml:3:5-28
		INJECTED from Projet-Android\ReconnaissanceVocale\AndroidManifest.xml
		INJECTED from Projet-Android\ReconnaissanceVocale\AndroidManifest.xml
	xmlns:android
		ADDED from Projet-Android\ReconnaissanceVocale\AndroidManifest.xml:1:11-69
uses-sdk
ADDED from Projet-Android\ReconnaissanceVocale\AndroidManifest.xml:6:5-8:41
MERGED from [com.github.eluleci:flatui:3.0.0] AndroidManifest.xml:5:5-7:41
	android:targetSdkVersion
		ADDED from Projet-Android\ReconnaissanceVocale\AndroidManifest.xml:8:9-38
	android:minSdkVersion
		ADDED from Projet-Android\ReconnaissanceVocale\AndroidManifest.xml:7:9-34
uses-permission#android.permission.CALL_PHONE
ADDED from Projet-Android\ReconnaissanceVocale\AndroidManifest.xml:10:5-69
	android:name
		ADDED from Projet-Android\ReconnaissanceVocale\AndroidManifest.xml:10:22-66
uses-permission#android.permission.INTERNET
ADDED from Projet-Android\ReconnaissanceVocale\AndroidManifest.xml:11:5-67
	android:name
		ADDED from Projet-Android\ReconnaissanceVocale\AndroidManifest.xml:11:22-64
uses-permission#android.permission.READ_PHONE_STATE
ADDED from Projet-Android\ReconnaissanceVocale\AndroidManifest.xml:12:5-75
	android:name
		ADDED from Projet-Android\ReconnaissanceVocale\AndroidManifest.xml:12:22-72
uses-permission#android.permission.PROCESS_OUTGOING_CALLS
ADDED from Projet-Android\ReconnaissanceVocale\AndroidManifest.xml:13:5-81
	android:name
		ADDED from Projet-Android\ReconnaissanceVocale\AndroidManifest.xml:13:22-78
uses-permission#android.permission.RECORD_AUDIO
ADDED from Projet-Android\ReconnaissanceVocale\AndroidManifest.xml:14:5-71
	android:name
		ADDED from Projet-Android\ReconnaissanceVocale\AndroidManifest.xml:14:22-68
uses-permission#android.permission.READ_EXTERNAL_STORAGE
ADDED from Projet-Android\ReconnaissanceVocale\AndroidManifest.xml:15:5-80
	android:name
		ADDED from Projet-Android\ReconnaissanceVocale\AndroidManifest.xml:15:22-77
uses-permission#android.permission.WRITE_EXTERNAL_STORAGE
ADDED from Projet-Android\ReconnaissanceVocale\AndroidManifest.xml:16:5-81
	android:name
		ADDED from Projet-Android\ReconnaissanceVocale\AndroidManifest.xml:16:22-78
uses-permission#android.permission.SEND_SMS
ADDED from Projet-Android\ReconnaissanceVocale\AndroidManifest.xml:20:5-67
	android:name
		ADDED from Projet-Android\ReconnaissanceVocale\AndroidManifest.xml:20:22-64
uses-permission#android.permission.READ_CONTACTS
ADDED from Projet-Android\ReconnaissanceVocale\AndroidManifest.xml:21:5-72
	android:name
		ADDED from Projet-Android\ReconnaissanceVocale\AndroidManifest.xml:21:22-69
application
ADDED from Projet-Android\ReconnaissanceVocale\AndroidManifest.xml:24:5-46:19
MERGED from [com.github.eluleci:flatui:3.0.0] AndroidManifest.xml:9:5-20
	android:label
		ADDED from Projet-Android\ReconnaissanceVocale\AndroidManifest.xml:26:9-41
	android:icon
		ADDED from Projet-Android\ReconnaissanceVocale\AndroidManifest.xml:25:9-45
	android:theme
		ADDED from Projet-Android\ReconnaissanceVocale\AndroidManifest.xml:27:9-40
activity#com.cnam.reconnaissancevocale.VoiceRecognitionActivity
ADDED from Projet-Android\ReconnaissanceVocale\AndroidManifest.xml:28:9-35:20
	android:label
		ADDED from Projet-Android\ReconnaissanceVocale\AndroidManifest.xml:30:13-69
	android:name
		ADDED from Projet-Android\ReconnaissanceVocale\AndroidManifest.xml:29:13-82
intent-filter#android.intent.action.MAIN+android.intent.category.LAUNCHER
ADDED from Projet-Android\ReconnaissanceVocale\AndroidManifest.xml:31:13-34:29
action#android.intent.action.MAIN
ADDED from Projet-Android\ReconnaissanceVocale\AndroidManifest.xml:32:17-69
	android:name
		ADDED from Projet-Android\ReconnaissanceVocale\AndroidManifest.xml:32:25-66
category#android.intent.category.LAUNCHER
ADDED from Projet-Android\ReconnaissanceVocale\AndroidManifest.xml:33:17-77
	android:name
		ADDED from Projet-Android\ReconnaissanceVocale\AndroidManifest.xml:33:27-74
activity#com.cnam.reconnaissancevocale.settings
ADDED from Projet-Android\ReconnaissanceVocale\AndroidManifest.xml:37:9-84
	android:name
		ADDED from Projet-Android\ReconnaissanceVocale\AndroidManifest.xml:37:19-72
activity#com.cnam.reconnaissancevocale.Aide
ADDED from Projet-Android\ReconnaissanceVocale\AndroidManifest.xml:38:9-80
	android:name
		ADDED from Projet-Android\ReconnaissanceVocale\AndroidManifest.xml:38:19-68
receiver#com.cnam.reconnaissancevocale.CallReceiver
ADDED from Projet-Android\ReconnaissanceVocale\AndroidManifest.xml:40:9-44:20
	android:name
		ADDED from Projet-Android\ReconnaissanceVocale\AndroidManifest.xml:40:19-76
intent-filter#android.intent.action.PHONE_STATE
ADDED from Projet-Android\ReconnaissanceVocale\AndroidManifest.xml:41:13-43:29
action#android.intent.action.PHONE_STATE
ADDED from Projet-Android\ReconnaissanceVocale\AndroidManifest.xml:42:17-76
	android:name
		ADDED from Projet-Android\ReconnaissanceVocale\AndroidManifest.xml:42:25-73